============================= test session starts ==============================
platform darwin -- Python 3.14.3, pytest-9.0.3, pluggy-1.6.0
rootdir: /Users/axureboutique/Projects/auto-image-pipeline
configfile: pyproject.toml
testpaths: tests
plugins: cov-7.1.0, anyio-4.13.0
collected 930 items

<Dir auto-image-pipeline>
  <Dir tests>
    <Module test_ab_attribution.py>
      <Function test_constants>
      <Function test_score_normal>
      <Function test_score_high>
      <Function test_score_boundary>
      <Function test_import_csv>
      <Function test_import_csv_recommended>
      <Function test_import_json>
      <Function test_import_csv_missing_cvr>
      <Function test_apply_not_recommended>
      <Function test_apply_recommended>
      <Function test_apply_boundary>
      <Function test_apply_missing_asset>
    <Module test_adapters.py>
      <Class TestHelium10Adapter>
        <Function test_instantiation_no_args>
        <Function test_instantiation_with_api_key>
        <Function test_search_keywords_returns_list_of_dicts>
        <Function test_search_keywords_contains_asin>
        <Function test_search_keywords_numeric_search_volume>
      <Class TestJungleScoutAdapter>
        <Function test_instantiation_no_args>
        <Function test_instantiation_with_api_key>
        <Function test_get_sales_estimates_returns_dict>
        <Function test_get_sales_estimates_asin_matches>
        <Function test_get_sales_estimates_numeric_fields>
      <Class TestAdapterExports>
        <Function test_helium10_importable_from_adapters_package>
        <Function test_jungle_scout_importable_from_adapters_package>
    <Module test_amazon_data.py>
      <Class TestFetchReviewsFallback>
        <Function test_returns_list_on_missing_key>
        <Function test_review_keys_present>
        <Function test_never_returns_empty>
      <Class TestFetchQaFallback>
        <Function test_returns_list_on_missing_key>
        <Function test_qa_keys_present>
        <Function test_never_returns_empty>
      <Class TestFetchReviewsShape>
        <Function test_rating_is_numeric>
        <Function test_verified_purchase_is_bool>
      <Class TestFetchQaShape>
        <Function test_votes_is_int>
      <Class TestTopNDefault>
        <Function test_default_top_n_is_50>
        <Function test_top_n_capped_at_50>
      <Class TestFetchAsinDetailEnriched>
        <Function test_returns_all_enriched_fields>
        <Function test_missing_fields_graceful>
      <Class TestCompetitorListingEnrichedFields>
        <Function test_all_new_fields_persist>
        <Function test_bullet_points_stored_as_json_array>
      <Class TestFetchCategoryTopHandlesFewerThan50>
        <Function test_fewer_asins_no_error>
    <Module test_aplus_content.py>
      <Class TestAPlusContentModel>
        <Function test_create_and_read>
        <Function test_update>
        <Function test_delete>
        <Function test_relationship_to_project>
      <Class TestUploadEndpoint>
        <Function test_upload_happy_path>
        <Function test_upload_invalid_type>
        <Function test_upload_oversized>
    <Module test_aplus_generator.py>
      <Class TestGenerateAplusStoryboard>
        <Function test_generates_7_records>
        <Function test_all_module_types_present>
        <Function test_position_index_sequential>
        <Function test_records_written_to_db>
        <Function test_headline_not_empty>
        <Function test_correct_project_id>
        <Function test_gemini_failure_returns_defaults>
        <Function test_no_api_key_returns_defaults>
        <Function test_invalid_json_returns_defaults>
        <Function test_clears_existing_records>
    <Module test_brand_profile.py>
      <Function test_brand_profile_model_has_10_dimensions>
      <Function test_brand_profile_crud>
      <Function test_build_brand_profile_creates_empty_if_missing>
      <Function test_build_brand_profile_returns_existing>
      <Function test_brand_profile_get_200>
      <Function test_brand_profile_get_404>
      <Function test_brand_profile_post_updates>
    <Module test_brand_writeback.py>
      <Function test_brand_profile_card_has_guidelines>
      <Function test_brand_profile_has_guidelines>
      <Function test_guidelines_roundtrip_brand_profile_cards>
      <Function test_guidelines_roundtrip_brand_profiles>
      <Function test_update_brand_profile_from_results_writes_guidelines>
      <Function test_run_migrations_idempotent>
    <Module test_brief_generator.py>
      <Class TestGenerateBrief>
        <Function test_returns_list_of_image_briefs>
        <Function test_brief_has_correct_project_id>
        <Function test_returns_one_brief_per_slot>
        <Function test_brief_written_to_database>
        <Function test_gemini_failure_returns_default_brief>
        <Function test_no_api_key_returns_default_brief>
        <Function test_invalid_json_response_returns_default>
        <Function test_gemini_prompt_includes_listing_and_reviews>
      <Class TestCallGeminiBrief>
        <Function test_call_gemini_returns_text>
        <Function test_call_gemini_no_key_returns_empty_json>
      <Class TestCustomerBriefInjection>
        <Function test_three_filled_fields_appear_in_prompt>
        <Function test_no_customer_brief_still_works>
        <Function test_all_null_fields_no_section>
    <Module test_brief_multi_slot.py>
      <Class TestMultiSlot>
        <Function test_three_slots_inserts_three_rows>
        <Function test_three_slots_each_brief_has_slot_json>
        <Function test_three_slots_source_analysis_ids_empty_list>
        <Function test_zero_slots_returns_empty_list>
        <Function test_zero_slots_emits_warning>
    <Module test_change_detector.py>
      <Class TestCaptureSnapshot>
        <Function test_creates_record>
        <Function test_same_file_same_hash>
        <Function test_different_file_different_hash>
      <Class TestDetectChanges>
        <Function test_no_change_same_content>
        <Function test_detects_change>
        <Function test_single_snapshot_no_change>
        <Function test_multiple_slots>
      <Class TestGetChangeHistory>
        <Function test_returns_all_snapshots>
        <Function test_empty_history>
      <Class TestChangeRoutes>
        <Function test_get_changes_page>
        <Function test_changes_page_not_found>
    <Module test_cli.py>
      <Class TestBriefCommand>
        <Function test_brief_success>
        <Function test_brief_error>
      <Class TestPromptCommand>
        <Function test_prompt_success>
        <Function test_prompt_with_slot_index>
        <Function test_prompt_error>
      <Class TestDeliverCommand>
        <Function test_deliver_success>
        <Function test_deliver_error>
      <Class TestFeedbackCommand>
        <Function test_feedback_success>
        <Function test_feedback_error>
    <Module test_confidence_routing.py>
      <Class TestRouteByConfidence>
        <Function test_high_score_pass>
        <Function test_mid_score_retry>
        <Function test_low_score_human_review>
        <Function test_boundary_80_pass>
        <Function test_boundary_79_9_retry>
        <Function test_boundary_50_retry>
        <Function test_boundary_49_9_human_review>
        <Function test_score_100>
        <Function test_score_0>
      <Class TestConfidenceRouter>
        <Function test_route[100-pass]>
        <Function test_route[80.0-pass]>
        <Function test_route[79.9-retry_alt_prompt]>
        <Function test_route[65-retry_alt_prompt]>
        <Function test_route[50.0-retry_alt_prompt]>
        <Function test_route[49.9-human_review]>
        <Function test_route[30-human_review]>
        <Function test_route[0-human_review]>
        <Function test_is_pass[80.0-True]>
        <Function test_is_pass[100-True]>
        <Function test_is_pass[79.9-False]>
        <Function test_is_pass[0-False]>
        <Function test_is_human_review[49.9-True]>
        <Function test_is_human_review[0-True]>
        <Function test_is_human_review[50.0-False]>
        <Function test_is_human_review[80.0-False]>
    <Module test_consistency_system.py>
      <Function test_five_variables_present>
      <Function test_create_profile>
      <Function test_get_returns_default_if_not_exists>
      <Function test_update_variables>
      <Function test_lock_prevents_update>
      <Function test_validate_consistency_pass>
      <Function test_validate_consistency_fail>
    <Module test_content_generator.py>
      <Class TestGenerateCreatesAsset>
        <Function test_generate_creates_asset>
      <Class TestGenerateSavesToDb>
        <Function test_generate_saves_to_db>
      <Class TestListAssetsEmpty>
        <Function test_list_assets_empty>
      <Class TestListAssetsReturnsAll>
        <Function test_list_assets_returns_all>
      <Class TestGenerateBlogPostType>
        <Function test_generate_blog_post_type>
    <Module test_customer_input.py>
      <Class TestGetInputNew>
        <Function test_returns_200>
        <Function test_contains_form>
        <Function test_contains_step_indicator>
      <Class TestPostInputNew>
        <Function test_success_redirects>
        <Function test_creates_project_with_brief>
        <Function test_missing_required_returns_400>
        <Function test_missing_multiple_required_returns_400>
      <Class TestGetInputEdit>
        <Function test_returns_200>
        <Function test_prefills_data>
        <Function test_nonexistent_returns_404>
      <Class TestPostInputEdit>
        <Function test_update_success_redirects>
        <Function test_update_persists>
        <Function test_nonexistent_returns_404>
    <Module test_data_flow.py>
      <Class TestDictBenchmarkHandling>
        <Function test_step_analyze_with_dict_benchmarks>
      <Class TestAnalyzeResultPassthrough>
        <Function test_step_plan_receives_analysis_results>
      <Class TestStepPlanSignature>
        <Function test_step_plan_accepts_analysis_results_kwarg>
        <Function test_step_plan_works_without_analysis_results>
    <Module test_db_migrate.py>
      <Function test_fresh_migration_adds_all_columns>
      <Function test_migration_idempotent>
      <Function test_migration_skips_missing_table>
    <Module test_decision_log.py>
      <Class TestLogDecision>
        <Function test_log_decision_creates_record>
        <Function test_log_decision_saved_to_db>
      <Class TestDecisionEndpoint>
        <Function test_get_decisions_endpoint_empty>
        <Function test_get_decisions_endpoint_returns_all>
        <Function test_get_decisions_sorted_by_created_at_desc>
    <Module test_delivery.py>
      <Class TestBuildDeliveryPackage>
        <Function test_returns_path_and_manifest_with_passed_slots>
        <Function test_no_passed_slots_returns_empty_manifest>
        <Function test_skips_slot_with_none_image_path>
        <Function test_skips_slot_where_file_not_on_disk>
        <Function test_manifest_has_correct_structure>
        <Function test_copied_image_exists_in_delivery_dir>
      <Class TestDeliveryScoreFilter>
        <Function test_score_70_included_in_manifest>
        <Function test_score_69_skipped_in_manifest>
        <Function test_mixed_scores_only_high_included>
    <Module test_delivery_package.py>
      <Class TestGeneratePreviewHtml>
        <Function test_creates_file>
        <Function test_no_inline_style>
        <Function test_references_external_css>
        <Function test_lists_images>
      <Class TestGenerateDeliveryNotes>
        <Function test_creates_file>
        <Function test_contains_project_info>
      <Class TestGenerateVersionLog>
        <Function test_creates_valid_json>
      <Class TestGenerateSpecCheck>
        <Function test_has_dimensions>
        <Function test_correct_dimensions>
      <Class TestCreateDeliveryPackage>
        <Function test_produces_5_items>
    <Module test_delivery_zip.py>
      <Class TestPackageZip>
        <Function test_package_zip_creates_file>
        <Function test_package_zip_output_path>
        <Function test_package_zip_contains_assets>
      <Class TestMarkDelivered>
        <Function test_mark_delivered_updates_flag>
      <Class TestGetStatus>
        <Function test_get_status_delivered>
        <Function test_get_status_pending>
    <Module test_drl_scheduler.py>
      <Class TestMarkProjectLive>
        <Function test_sets_live_at>
        <Function test_raises_for_missing_project>
      <Class TestCheckDueProjects>
        <Function test_returns_project_past_14_days>
        <Function test_ignores_project_not_yet_14_days>
        <Function test_ignores_already_triggered>
        <Function test_ignores_project_without_live_at>
        <Function test_multiple_projects_mixed>
      <Class TestTriggerDrlCollection>
        <Function test_creates_pipeline_run>
        <Function test_sets_drl_triggered_at>
        <Function test_run_persisted_in_db>
      <Class TestStartDrlScheduler>
        <Function test_starts_daemon_thread>
        <Function test_idempotent_double_start>
    <Module test_e2e_orchestrator.py>
      <Class TestStepInit>
        <Function test_creates_project_with_initialized_status>
        <Function test_missing_brief_raises_file_not_found>
      <Class TestStepAnalyze>
        <Function test_analyze_updates_status_to_analyzed>
        <Function test_analyze_raises_without_keepa_key>
        <Function test_analyze_raises_without_openai_key>
      <Class TestStepPlan>
        <Function test_plan_creates_8_slots>
      <Class TestStepGenerate>
        <Function test_generate_sets_status_generated>
      <Class TestStepQA>
        <Function test_qa_produces_records_and_sets_status>
        <Function test_qa_retry_loop_max_attempts>
      <Class TestStepReport>
        <Function test_report_sets_status_completed>
      <Class TestRunFullPipeline>
        <Function test_full_pipeline_completes>
        <Function test_full_pipeline_failure_sets_failed_status>
      <Class TestStepAplus>
        <Function test_step_aplus_returns_list>
        <Function test_step_aplus_empty_list>
      <Class TestStepDeliver>
        <Function test_step_deliver_returns_none_for_empty_package>
        <Function test_step_deliver_returns_path_for_non_empty_package>
      <Class TestStepFeedback>
        <Function test_step_feedback_skips_when_no_brand_profile>
        <Function test_step_feedback_runs_when_brand_profile_exists>
      <Class TestQAExhausted>
        <Function test_qa_all_retries_exhausted_sets_qa_failed>
    <Module test_e2e_pipeline.py>
      <Class TestGenerateBrief>
        <Function test_returns_image_brief>
      <Class TestSlotPlanner>
        <Function test_returns_eight_plans>
      <Class TestPromptEngine>
        <Function test_build_prompt_slot_zero>
      <Class TestDelivery>
        <Function test_build_delivery_creates_manifest>
      <Class TestFeedbackLoop>
        <Function test_record_and_export>
      <Class TestDegradedFullChain>
        <Function test_full_chain_no_api_key>
    <Module test_e2e_tws.py>
      <Class TestStepByStep>
        <Function test_step_init>
        <Function test_step_analyze>
        <Function test_step_plan>
        <Function test_step_generate>
        <Function test_step_qa>
        <Function test_step_report>
      <Class TestFullPipeline>
        <Function test_full_pipeline_completes>
        <Function test_full_pipeline_db_records_complete>
    <Module test_e2e_web_app.py>
      <Class TestIndexRoute>
        <Function test_index_returns_200>
        <Function test_index_html_content>
      <Class TestProjectRoutes>
        <Function test_project_new_get>
        <Function test_project_create_post>
        <Function test_project_detail_not_found>
        <Function test_project_detail_exists>
        <Function test_project_status_idle>
        <Function test_project_run_starts>
        <Function test_project_run_409_when_already_running>
        <Function test_project_aplus_not_found>
        <Function test_project_versions_not_found>
        <Function test_version_history_exists>
      <Class TestCustomerInputRoutes>
        <Function test_input_new_get>
        <Function test_input_create_with_all_required_fields>
        <Function test_input_create_missing_required_field_returns_400>
        <Function test_input_edit_not_found>
        <Function test_input_edit_get>
        <Function test_input_update_missing_field>
      <Class TestUploadRoutes>
        <Function test_upload_api_valid_png>
        <Function test_upload_api_invalid_ext>
        <Function test_upload_api_no_file>
        <Function test_upload_api_oversized_file_returns_413>
        <Function test_upload_asset_not_found_project>
        <Function test_delete_asset_missing_filename>
        <Function test_delete_asset_not_found_file>
      <Class TestBrandProfileRoutes>
        <Function test_brand_profile_view_not_found>
        <Function test_brand_profile_view_exists>
      <Class TestReviewRoutes>
        <Function test_review_page>
        <Function test_review_approve_not_found>
        <Function test_review_reject_not_found>
        <Function test_review_approve_and_reject_flow>
      <Class TestQADashboard>
        <Function test_qa_dashboard_returns_200>
      <Class TestMiscRoutes>
        <Function test_prompts_list>
        <Function test_benchmarks_list>
        <Function test_revision_guide>
        <Function test_knowledge_base>
        <Function test_image_serve_not_found>
        <Function test_image_serve_forbidden_traversal>
      <Class TestUploadPagePost>
        <Function test_upload_page_post_redirects>
        <Function test_upload_page_post_file_exists_on_disk>
      <Class TestBrandProfilePost>
        <Function test_brand_profile_post_redirects>
      <Class TestFeedbackRoutes>
        <Function test_feedback_get_returns_200>
        <Function test_feedback_post_redirects>
        <Function test_feedback_post_empty_slot_no_submit>
      <Class TestConsistencyRoutes>
        <Function test_consistency_get_returns_200>
        <Function test_consistency_post_redirects>
        <Function test_consistency_lock_redirects>
      <Class TestPromptListRoute>
        <Function test_prompts_get_returns_200>
        <Function test_prompts_list_not_found>
      <Class TestRankingsRoute>
        <Function test_rankings_get_returns_200>
        <Function test_rankings_not_found>
      <Class TestChangeHistoryRoute>
        <Function test_changes_get_returns_200>
        <Function test_changes_not_found>
      <Class TestStatusStates>
        <Function test_status_returns_running_when_set>
        <Function test_status_returns_completed_state>
      <Class TestReferencePack>
        <Function test_reference_pack_not_found>
        <Function test_reference_pack_returns_json>
    <Module test_engines.py>
      <Function test_mock_engine_returns_correct_structure>
      <Function test_fan_out_all_success>
      <Function test_fan_out_partial_failure>
      <Function test_fan_out_all_failure>
    <Module test_event_trigger.py>
      <Class TestEventTrigger>
        <Function test_create_project_returns_201>
        <Function test_create_project_spawns_thread_when_asin>
        <Function test_create_project_no_thread_without_asin>
        <Function test_create_project_requires_name>
        <Function test_run_asin_fetch_success>
        <Function test_run_asin_fetch_error>
        <Function test_pipeline_run_model_fields>
    <Module test_feedback_handler.py>
      <Class TestSubmitFeedback>
        <Function test_creates_record>
        <Function test_rejects_invalid_type>
        <Function test_multiple_feedback_same_slot>
      <Class TestGetFeedbackSummary>
        <Function test_returns_dict_with_slots>
        <Function test_empty_project>
      <Class TestApplyFeedback>
        <Function test_approve_marks_done>
        <Function test_revise_marks_pending>
        <Function test_reject_marks_rejected>
      <Class TestFeedbackRoutes>
        <Function test_get_feedback_page>
        <Function test_post_feedback_redirects>
        <Function test_post_feedback_creates_record>
    <Module test_feedback_loop.py>
      <Function test_record_ab_result_persists>
      <Function test_record_ab_result_owns_session>
      <Function test_update_brand_profile_from_results>
      <Function test_update_brand_profile_empty_results>
      <Function test_export_conclusions_correct_keys>
      <Function test_export_conclusions_no_results>
    <Module test_feedback_loop_coverage.py>
      <Class TestRecordAbTest>
        <Function test_happy_path_returns_ab_test>
        <Function test_happy_path_persisted_to_db>
        <Function test_variant_a_not_found_raises>
        <Function test_variant_b_not_found_raises>
        <Function test_rollback_on_error_no_row_created>
        <Function test_default_metric_is_ctr>
      <Class TestRecordDeliveryResult>
        <Function test_happy_path_creates_ab_test_delivery>
        <Function test_delivery_result_stores_all_fields>
      <Class TestGetCategoryInsights>
        <Function test_empty_db_returns_zero_project_count>
        <Function test_with_projects_returns_correct_count>
        <Function test_with_slot_plans_top_intent_tags>
        <Function test_with_qa_records_pass_rate>
        <Function test_with_ab_tests_win_patterns>
        <Function test_assets_without_qa_records>
      <Class TestExportProjectReport>
        <Function test_project_not_found_raises>
        <Function test_project_found_returns_report_structure>
        <Function test_project_report_with_brand_profile>
        <Function test_project_report_with_assets_and_slots>
      <Class TestUpdateBrandProfileExtra>
        <Function test_no_brand_profile_returns_none>
        <Function test_empty_results_returns_brand_profile>
      <Class TestExportConclusionsExtra>
        <Function test_with_multiple_variants_correct_best>
        <Function test_results_list_contains_all_rows>
    <Module test_flywheel.py>
      <Class TestRunFlywheel>
        <Function test_disabled_returns_skipped>
        <Function test_high_score_auto_delivers>
        <Function test_below_threshold_no_delivery>
        <Function test_auto_deliver_disabled_no_delivery>
        <Function test_qa_score_fn_callable>
        <Function test_version_increments>
      <Class TestCheckFlywheelStatus>
        <Function test_returns_correct_dict>
        <Function test_defaults_all_disabled>
    <Module test_gemini_imagen_engine.py>
      <Function test_generate_success>
      <Function test_generate_returns_required_fields>
      <Function test_generate_propagates_api_error>
      <Function test_engine_is_instance_of_image_engine>
    <Module test_gpt_image_engine.py>
      <Function test_generate_success>
      <Function test_generate_propagates_api_error>
      <Function test_generate_returns_correct_structure>
    <Module test_hypothesis_crud.py>
      <Class TestHypothesisCRUD>
        <Function test_list_empty>
        <Function test_create>
        <Function test_update>
        <Function test_delete>
    <Module test_hypothesis_tracker.py>
      <Class TestShouldTrack>
        <Function test_should_track_within_window>
        <Function test_should_not_track_after_14_days>
        <Function test_should_not_track_no_dates>
      <Class TestMarkExpired>
        <Function test_mark_expired_updates_status>
      <Class TestCheckAll>
        <Function test_check_all_updates_last_checked_at>
        <Function test_check_all_increments_check_count>
        <Function test_check_all_expires_past_window>
        <Function test_check_all_auto_sets_tracking_dates>
    <Module test_input_layer.py>
      <Function test_create_project_success>
      <Function test_create_project_missing_fields>
      <Function test_create_project_invalid_asin>
      <Function test_get_intake_checklist_returns_none_when_no_data>
      <Function test_get_intake_checklist_returns_none_for_nonexistent_project>
      <Function test_get_intake_checklist_returns_record_after_create_with_checklist>
      <Function test_create_project_without_checklist_stays_backward_compatible>
      <Function test_create_project_with_partial_checklist>
      <Function test_upsert_brand_profile_create>
      <Function test_upsert_brand_profile_update>
      <Function test_upsert_brand_profile_invalid_project>
    <Module test_integration_pipeline.py>
      <Class TestFullPipelineBriefToGate5>
        <Function test_full_pipeline_brief_to_gate5>
      <Class TestHypothesisLifecycle>
        <Function test_hypothesis_lifecycle>
      <Class TestDeliveryZipAndPdf>
        <Function test_delivery_zip_and_pdf>
      <Class TestContentAndRevisionFlow>
        <Function test_content_and_revision_flow>
      <Class TestDecisionLogAndApi>
        <Function test_decision_log_and_api>
      <Class TestListingAnalysisUpdatesBrand>
        <Function test_listing_analysis_updates_brand>
    <Module test_knowledge_anonymizer.py>
      <Class TestBrandAnonymize>
        <Function test_brand_replaced_in_content>
        <Function test_brand_replaced_in_title>
        <Function test_multiple_brands>
        <Function test_brand_case_insensitive>
      <Class TestOrderAnonymize>
        <Function test_order_with_hash>
        <Function test_order_without_hash>
      <Class TestPathAnonymize>
        <Function test_simple_path>
        <Function test_nested_path>
      <Class TestMixedAnonymize>
        <Function test_all_patterns_replaced>
      <Class TestSafeText>
        <Function test_no_sensitive_data_unchanged>
        <Function test_tags_preserved>
      <Class TestImmutability>
        <Function test_original_entry_unchanged>
    <Module test_knowledge_base.py>
      <Class TestAddEntry>
        <Function test_creates_entry>
        <Function test_nullable_project_id>
        <Function test_invalid_category_raises>
        <Function test_tags_stored>
        <Function test_default_usage_count>
      <Class TestSearchEntries>
        <Function test_search_by_title>
        <Function test_search_by_content>
        <Function test_filter_by_category>
        <Function test_limit>
        <Function test_empty_query_returns_all>
      <Class TestGetPopularEntries>
        <Function test_ordered_by_usage>
        <Function test_filter_by_category>
      <Class TestIncrementUsage>
        <Function test_increments>
        <Function test_nonexistent_returns_none>
      <Class TestValidCategories>
        <Function test_has_all_four>
      <Class TestKnowledgeRoute>
        <Function test_knowledge_page_200>
        <Function test_knowledge_page_contains_categories>
        <Function test_knowledge_search_param>
        <Function test_knowledge_category_filter>
    <Module test_knowledge_integration.py>
      <Class TestPromoteToKnowledge>
        <Function test_creates_knowledge_entry>
        <Function test_idempotent>
        <Function test_stores_model_name_in_tags>
      <Class TestAbAttributionIntegration>
        <Function test_apply_attribution_promotes_recommended>
        <Function test_apply_attribution_skips_non_recommended>
      <Class TestBriefGeneratorKnowledgeIntegration>
        <Function test_knowledge_entries_injected_into_prompt>
        <Function test_no_knowledge_fallback>
      <Class TestSlotPlannerKnowledgeIntegration>
        <Function test_popular_entries_influence_slot_plan>
        <Function test_no_knowledge_fallback_slot_plan>
    <Module test_l5_migration.py>
      <Function test_tenant_model_importable>
      <Function test_tenant_model_constants>
      <Function test_tenant_in_init_all>
      <Function test_tenant_crud>
      <Function test_project_has_tenant_id>
      <Function test_brand_profile_has_tenant_id>
      <Function test_brand_profile_card_has_tenant_id>
      <Function test_brand_profile_new_fields>
      <Function test_delivery_version_new_fields>
      <Function test_model_has_tenant_id[pipeline.models.ab_test_result:ABTestResult]>
      <Function test_model_has_tenant_id[pipeline.models.ab_test:ABTest]>
      <Function test_model_has_tenant_id[pipeline.models.aplus_content:APlusContent]>
      <Function test_model_has_tenant_id[pipeline.models.asin_ranking:ASINRanking]>
      <Function test_model_has_tenant_id[pipeline.models.benchmark:AmazonBenchmark]>
      <Function test_model_has_tenant_id[pipeline.models.brand_profile:BrandProfile]>
      <Function test_model_has_tenant_id[pipeline.models.client_feedback:ClientFeedback]>
      <Function test_model_has_tenant_id[pipeline.models.competitor_listing:CompetitorListing]>
      <Function test_model_has_tenant_id[pipeline.models.consistency_profile:ConsistencyProfile]>
      <Function test_model_has_tenant_id[pipeline.models.delivery_version:DeliveryVersion]>
      <Function test_model_has_tenant_id[pipeline.models.image_brief:ImageBrief]>
      <Function test_model_has_tenant_id[pipeline.models.image_snapshot:ImageSnapshot]>
      <Function test_model_has_tenant_id[pipeline.models.intake_checklist:IntakeChecklist]>
      <Function test_model_has_tenant_id[pipeline.models.knowledge_entry:KnowledgeEntry]>
      <Function test_model_has_tenant_id[pipeline.models.price_analysis:PriceAnalysis]>
      <Function test_model_has_tenant_id[pipeline.models.project:Project]>
      <Function test_model_has_tenant_id[pipeline.models.promo_analysis:PromoAnalysis]>
      <Function test_model_has_tenant_id[pipeline.models.prompt_asset:PromptAsset]>
      <Function test_model_has_tenant_id[pipeline.models.qa_entry:QAEntry]>
      <Function test_model_has_tenant_id[pipeline.models.qa_record:QARecord]>
      <Function test_model_has_tenant_id[pipeline.models.reference_pack:ReferencePack]>
      <Function test_model_has_tenant_id[pipeline.models.review_cluster:ReviewCluster]>
      <Function test_model_has_tenant_id[pipeline.models.slot_plan:SlotPlan]>
      <Function test_model_has_tenant_id[pipeline.models.tag_assignment:TagAssignment]>
      <Function test_tags_a_plan_func_constants>
      <Function test_tags_a_plan_intent_constants>
      <Function test_tags_a_plan_role_constants>
      <Function test_tags_slot_index_mapping>
      <Function test_tags_deprecated_aliases_still_work>
    <Module test_listing_analyzer.py>
      <Class TestAnalyzeListingWithKeepa>
        <Function test_returns_competitor_listing>
        <Function test_bullet_points_stored>
        <Function test_gemini_called_with_title>
      <Class TestAnalyzeListingNoKeepa>
        <Function test_no_keepa_returns_listing_with_empty_title>
        <Function test_no_keepa_no_gemini_returns_empty_selling_points>
      <Class TestCallGemini>
        <Function test_call_gemini_returns_text>
        <Function test_call_gemini_no_key_returns_empty>
    <Module test_new_models.py>
      <Class TestTablesExist>
        <Function test_new_tables_created>
      <Class TestIntakeChecklist>
        <Function test_create_and_read>
        <Function test_fk_constraint>
      <Class TestCompetitorListing>
        <Function test_create_and_read>
        <Function test_nullable_project_id>
      <Class TestReviewCluster>
        <Function test_create_and_read>
      <Class TestQAEntry>
        <Function test_create_and_read>
        <Function test_frequency_default>
      <Class TestImageBrief>
        <Function test_create_and_read>
      <Class TestPriceAnalysis>
        <Function test_create_and_read>
        <Function test_table_created>
        <Function test_nullable_fields>
      <Class TestPromoAnalysis>
        <Function test_create_and_read>
        <Function test_table_created>
        <Function test_defaults>
      <Class TestModelsImport>
        <Function test_import_from_package>
    <Module test_orchestrator_brief.py>
      <Function test_brief_generated_after_analyzers>
      <Function test_brief_failure_does_not_crash>
      <Function test_brief_with_partial_upstream_failure>
    <Module test_orchestrator_listing.py>
      <Class TestStepAnalyzeCallsListingAnalyzer>
        <Function test_analyze_listing_called_once>
        <Function test_competitor_listing_row_exists_in_db>
        <Function test_listing_analyzer_failure_does_not_crash_pipeline>
    <Module test_orchestrator_qa.py>
      <Class TestStepAnalyzeCallsQaAnalyzer>
        <Function test_analyze_qa_called_once>
        <Function test_qa_entry_rows_exist_in_db>
        <Function test_qa_analyzer_failure_does_not_crash_pipeline>
    <Module test_orchestrator_review.py>
      <Class TestStepAnalyzeCallsReviewAnalyzer>
        <Function test_analyze_reviews_called_once>
        <Function test_review_cluster_rows_exist_in_db>
        <Function test_review_analyzer_failure_does_not_crash_pipeline>
    <Module test_parallel_analyze.py>
      <Class TestParallelAnalyze>
        <Function test_parallel_true_returns_correct_keys>
        <Function test_parallel_false_returns_correct_keys>
        <Function test_parallel_sets_status_analyzed>
        <Function test_phase1_both_fetchers_called>
        <Function test_analyzer_failure_does_not_crash>
        <Function test_vision_phase3_parallel>
    <Module test_pdf_report.py>
      <Class TestPdfReportGenerator>
        <Function test_generate_creates_pdf_file>
        <Function test_pdf_output_path_default>
        <Function test_pdf_output_path_custom>
        <Function test_green_signal_for_high_score>
        <Function test_red_signal_for_low_score>
        <Function test_yellow_signal_for_mid_score>
        <Function test_generate_with_hypotheses>
        <Function test_generate_nonexistent_project>
    <Module test_phase1_resilience.py>
      <Function test_fetch_asin_detail_raises_step_completes>
      <Function test_both_fetches_raise_phase2_still_executes>
    <Module test_price_analyzer.py>
      <Function test_basic_case>
      <Function test_price_band_budget>
      <Function test_price_band_mid>
      <Function test_price_band_premium>
      <Function test_price_band_luxury>
      <Function test_no_benchmarks>
      <Function test_identical_prices>
      <Function test_avg_category_price>
      <Function test_missing_price_key>
    <Module test_promo_analyzer.py>
      <Function test_frequent_pattern>
      <Function test_never_pattern_empty_history>
      <Function test_never_pattern_missing_key>
      <Function test_rare_pattern>
      <Function test_seasonal_pattern>
      <Function test_single_entry_returns_never>
      <Function test_no_drops_returns_never>
      <Function test_unix_timestamp_support>
    <Module test_prompt_editor.py>
      <Class TestUpdatePromptText>
        <Function test_updates_text_and_increments_version>
        <Function test_returns_false_for_missing_slot>
        <Function test_returns_false_for_missing_project>
        <Function test_slot_name_to_index_mapping>
        <Function test_invalid_slot_name_returns_false>
      <Class TestPromptEditorRoutes>
        <Function test_get_prompt_list>
        <Function test_get_prompt_editor>
        <Function test_get_prompt_editor_missing_slot>
        <Function test_post_prompt_update_redirects>
        <Function test_post_prompt_update_saves>
    <Module test_prompt_engine_v2.py>
      <Class TestBuildPromptBasic>
        <Function test_returns_string_with_brief_data>
        <Function test_includes_brief_concept>
        <Function test_includes_brand_when_present>
        <Function test_includes_competitor_when_present>
      <Class TestBuildPromptEdgeCases>
        <Function test_raises_without_brief>
        <Function test_handles_malformed_brief_json>
        <Function test_works_without_brand_or_competitor>
      <Class TestBuildPromptContent>
        <Function test_brand_color_in_prompt>
        <Function test_competitor_details_in_prompt>
        <Function test_different_slots_different_prompts>
    <Module test_prompt_manager_coverage.py>
      <Class TestCreatePromptAsset>
        <Function test_happy_path_sentinel_project_id>
        <Function test_happy_path_with_real_project>
        <Function test_slot_index_too_low_raises>
        <Function test_slot_index_too_high_raises>
        <Function test_slot_index_boundary_1>
        <Function test_slot_index_boundary_8>
        <Function test_project_not_found_raises>
        <Function test_default_model_name>
      <Class TestUpdatePromptAsset>
        <Function test_update_prompt_text_increments_version>
        <Function test_update_negative_prompt>
        <Function test_update_model_name>
        <Function test_unknown_field_ignored>
        <Function test_not_found_raises>
        <Function test_multiple_fields_at_once>
      <Class TestGetPromptAsset>
        <Function test_get_by_id_found>
        <Function test_get_by_id_not_found_raises>
        <Function test_get_by_id_with_version>
        <Function test_get_by_id_wrong_version_raises>
        <Function test_get_by_name_found>
        <Function test_get_by_name_with_version>
        <Function test_get_by_name_project_not_found_raises>
        <Function test_get_by_name_no_assets_raises>
        <Function test_get_by_name_wrong_version_raises>
        <Function test_get_invalid_type_raises>
      <Class TestListPromptAssets>
        <Function test_empty_db_returns_empty_list>
        <Function test_returns_all_assets>
        <Function test_filter_by_category>
        <Function test_filter_by_nonexistent_category>
      <Class TestSeedDefaultTemplates>
        <Function test_no_templates_dir_returns_zero>
        <Function test_empty_templates_dir_returns_zero>
        <Function test_seeds_from_valid_json>
        <Function test_seeds_multiple_json_files>
        <Function test_skips_invalid_json>
        <Function test_skips_missing_required_key>
        <Function test_skips_invalid_slot_index>
        <Function test_idempotent_seeding>
        <Function test_non_json_files_ignored>
      <Class TestUpdatePromptText>
        <Function test_valid_slot_name_updates>
        <Function test_invalid_slot_name_format_returns_false>
        <Function test_slot_name_non_numeric_returns_false>
        <Function test_slot_name_out_of_range_returns_false>
        <Function test_asset_not_found_returns_false>
    <Module test_qa_analyzer.py>
      <Class TestAnalyzeQA>
        <Function test_returns_list_of_qa_entries>
        <Function test_entry_fields_populated>
        <Function test_empty_qa_returns_empty_list>
        <Function test_gemini_called_with_asin_and_qa>
        <Function test_invalid_json_returns_empty_list>
        <Function test_default_frequency_and_category>
      <Class TestCallGeminiQA>
        <Function test_call_gemini_returns_text>
        <Function test_call_gemini_no_key_returns_empty_array>
    <Module test_qa_gate5.py>
      <Class TestComputeGate5Score>
        <Function test_pass_high_score>
        <Function test_fail_low_score>
        <Function test_defaults_no_data>
        <Function test_boundary_exact_06>
      <Class TestComputeGate5ScoreBoundary>
        <Function test_score_just_below_threshold_fails>
        <Function test_width_1023_gives_resolution_pass_zero>
        <Function test_high_tc_bc_compensates_low_resolution>
        <Function test_width_1024_height_1024_passes_resolution>
    <Module test_qa_gate_5doors.py>
      <Class TestGate1Compliance>
        <Function test_pass_valid_jpeg>
        <Function test_fail_bad_format>
        <Function test_fail_small_dimensions>
        <Function test_pass_png>
      <Class TestGate2VisualAnchor>
        <Function test_returns_dict_with_status>
      <Class TestGate3ReferenceChain>
        <Function test_fail_no_reference_pack>
        <Function test_pass_reference_pack_exists>
      <Class TestGate4Consistency>
        <Function test_fail_no_profile>
        <Function test_pass_profile_exists>
      <Class TestRunQaGate>
        <Function test_returns_5_gates>
        <Function test_any_fail_means_overall_fail>
        <Function test_all_5_gates_present_even_when_gate1_fails>
      <Class TestGate1ComplianceBoundary>
        <Function test_fail_webp_format>
        <Function test_fail_height_999>
        <Function test_pass_exactly_10mb>
        <Function test_fail_over_10mb>
      <Class TestGate2VisualAnchorEdgeCases>
        <Function test_fail_on_nonexistent_file>
        <Function test_fail_on_zero_width>
      <Class TestGate4ConsistencyMock>
        <Function test_fail_when_validate_returns_false>
        <Function test_fail_via_validate_consistency_mock>
    <Module test_qa_gate_coverage.py>
      <Class TestGetMimeType>
        <Function test_jpg>
        <Function test_jpeg>
        <Function test_png>
        <Function test_other>
      <Class TestReadPngDimensions>
        <Function test_valid_png>
        <Function test_not_png>
      <Class TestValidateImage>
        <Function test_file_not_exist>
        <Function test_corrupt_image>
        <Function test_too_small>
        <Function test_ok>
      <Class TestCheckResolution>
        <Function test_pass>
        <Function test_fail>
      <Class TestCheckAspectRatio>
        <Function test_match>
        <Function test_no_match>
        <Function test_1_1>
      <Class TestCheckBackground>
        <Function test_small_file>
        <Function test_large_file>
      <Class TestCheckTextOverlay>
        <Function test_no_api_key>
        <Function test_unreadable_image>
        <Function test_has_text>
        <Function test_no_text>
        <Function test_api_error>
      <Class TestCallGemini>
        <Function test_no_api_key>
        <Function test_text_only>
        <Function test_with_image>
        <Function test_with_image_read_error>
        <Function test_api_failure>
      <Class TestTryRepairJson>
        <Function test_empty>
        <Function test_already_valid>
        <Function test_truncated_string>
        <Function test_unfixable>
        <Function test_truncated_reverse_scan>
      <Class TestLlmQaEvaluate>
        <Function test_empty_response_fallback>
        <Function test_valid_json>
        <Function test_markdown_fenced_json>
        <Function test_invalid_json_repair_succeeds>
        <Function test_invalid_json_repair_fails>
        <Function test_markdown_fence_no_newline>
      <Class TestCheckTextAccuracy>
        <Function test_no_image>
        <Function test_no_file>
        <Function test_invalid_json_from_llm>
      <Class TestCheckBrandExtra>
        <Function test_no_image>
        <Function test_invalid_json_from_llm>
      <Class TestComputeGate5Score>
        <Function test_no_inputs>
        <Function test_full_tags>
        <Function test_partial_tags>
        <Function test_brand_matching>
        <Function test_brand_empty_keywords>
        <Function test_resolution_fail>
        <Function test_resolution_pass>
        <Function test_brand_list_values>
      <Class TestCollectGate5Inputs>
        <Function test_basic>
        <Function test_with_tags_and_project>
        <Function test_image_read_failure>
      <Class TestCheckComplianceExtra>
        <Function test_bad_format>
        <Function test_file_too_big>
        <Function test_getsize_error>
        <Function test_image_open_error>
        <Function test_too_small_dims>
        <Function test_pass>
      <Class TestCheckVisualAnchorExtra>
        <Function test_pass>
        <Function test_bad_file>
      <Class TestCheckReferenceChain>
        <Function test_no_ref_pack>
        <Function test_has_ref_pack>
      <Class TestCheckConsistency>
        <Function test_pass>
        <Function test_fail>
        <Function test_exception>
      <Class TestRunQaGate>
        <Function test_all_pass>
        <Function test_gate5_exception_fallback>
      <Class TestRunQaChecks>
        <Function test_no_slot_plan>
        <Function test_no_asset>
        <Function test_image_not_exist>
      <Class TestRunQaChecksLegacy>
        <Function test_no_slot_plan>
        <Function test_no_asset>
        <Function test_image_not_exist>
        <Function test_full_run>
    <Module test_qa_gate_llm.py>
      <Class TestLlmQaEvaluatePass>
        <Function test_returns_pass_when_score_above_70>
      <Class TestLlmQaEvaluateFail>
        <Function test_returns_fail_when_score_below_70>
      <Class TestLlmQaEvaluateApiError>
        <Function test_returns_safe_default_on_empty_api_key>
        <Function test_returns_safe_default_on_malformed_json>
      <Class TestLegacyStillCallable>
        <Function test_run_qa_checks_legacy_exists_and_callable>
      <Class TestNewRunQaChecksReturnsQARecord>
        <Function test_returns_qa_record_with_llm_qa_check_type>
      <Class TestStepQaRetry>
        <Function test_retries_on_failure_up_to_max>
      <Class TestLlmQaEvaluateBoundary>
        <Function test_score_70_is_pass>
        <Function test_score_69_is_fail>
      <Class TestStepQaRetryPass>
        <Function test_first_fail_second_pass_returns_pass>
    <Module test_qa_gate_v2.py>
      <Class TestCheckBrandConsistency>
        <Function test_no_api_key_returns_neutral>
        <Function test_with_mocked_gemini>
        <Function test_none_image_path_returns_neutral>
      <Class TestCheckTextAccuracy>
        <Function test_no_api_key_returns_neutral>
        <Function test_with_mocked_gemini>
      <Class TestRunQaChecksIncludesNewScores>
        <Function test_result_includes_brand_and_text_scores>
    <Module test_ranking_tracker.py>
      <Class TestRecordRanking>
        <Function test_creates_record>
        <Function test_multiple_records_same_asin>
      <Class TestGetRankingHistory>
        <Function test_returns_time_series>
        <Function test_empty_history>
        <Function test_filters_by_days>
      <Class TestGetRankingSummary>
        <Function test_returns_latest_per_asin>
        <Function test_empty_project>
      <Class TestRankingRoutes>
        <Function test_get_rankings_page>
        <Function test_rankings_page_not_found>
    <Module test_reference_pack.py>
      <Class TestReferencePackModel>
        <Function test_create_reference_pack>
        <Function test_unique_project_id>
        <Function test_six_json_columns_exist>
      <Class TestBuildReferencePack>
        <Function test_build_creates_record>
        <Function test_build_all_six_fields_non_empty>
        <Function test_product_truth_from_project>
        <Function test_brand_rules_from_brand_profile>
        <Function test_winning_examples_from_reviews>
        <Function test_competitor_baseline_from_benchmarks>
        <Function test_negative_cases_from_negative_reviews>
        <Function test_angle_matrix_generated>
        <Function test_build_idempotent>
        <Function test_build_nonexistent_project>
        <Function test_build_no_related_data>
      <Class TestGetReferencePack>
        <Function test_get_after_build>
        <Function test_get_nonexistent_returns_none>
      <Class TestPromptEngineIntegration>
        <Function test_assemble_prompt_with_reference_pack>
        <Function test_assemble_prompt_without_reference_pack>
      <Class TestWebRoute>
        <Function test_reference_pack_route_exists>
        <Function test_reference_pack_route_404>
    <Module test_review_analyzer.py>
      <Class TestAnalyzeReviews>
        <Function test_returns_list_of_review_clusters>
        <Function test_cluster_fields_populated>
        <Function test_representative_reviews_stored_as_json>
        <Function test_empty_reviews_returns_empty_list>
        <Function test_gemini_called_with_asin_and_reviews>
        <Function test_invalid_json_returns_empty_list>
      <Class TestCallGeminiReview>
        <Function test_call_gemini_returns_text>
        <Function test_call_gemini_no_key_returns_empty_array>
    <Module test_revision_lookup.py>
      <Class TestLookupRevisionAction>
        <Function test_match_background>
        <Function test_match_color>
        <Function test_match_text>
        <Function test_match_size>
        <Function test_match_angle>
        <Function test_match_blur>
        <Function test_match_logo_case_insensitive>
        <Function test_match_layout>
        <Function test_fallback_no_keyword>
        <Function test_fallback_empty_string>
        <Function test_first_match_wins>
        <Function test_result_has_suggestion>
      <Class TestAutoApplyRevision>
        <Function test_returns_matched_action>
        <Function test_fallback_returns_none_keyword>
        <Function test_suggestion_present>
      <Class TestRevisionTable>
        <Function test_table_not_empty>
        <Function test_entries_have_required_keys>
      <Class TestRevisionGuideRoute>
        <Function test_revision_guide_returns_200>
        <Function test_revision_guide_contains_keywords>
    <Module test_schema_l4.py>
      <Class TestAPlusContentLayout>
        <Function test_layout_field_nullable>
        <Function test_layout_field_stores_value>
      <Class TestAPlusContentModuleTypeConstraint>
        <Function test_valid_module_type[HERO]>
        <Function test_valid_module_type[BENEFIT]>
        <Function test_valid_module_type[DETAIL]>
        <Function test_valid_module_type[LIFESTYLE]>
        <Function test_valid_module_type[COMPARISON]>
        <Function test_valid_module_type[BRAND_STORY]>
        <Function test_valid_module_type[CROSS_SELL]>
        <Function test_invalid_module_type_raises>
      <Class TestTagAssignmentTagLayer>
        <Function test_tag_layer_default_intent>
        <Function test_tag_layer_custom_value>
      <Class TestTagAssignmentUniqueConstraint>
        <Function test_duplicate_raises_integrity_error>
        <Function test_different_entity_id_allowed>
        <Function test_different_tag_code_allowed>
    <Module test_slot_planner_v2.py>
      <Class TestSlotPlannerWithBrief>
        <Function test_uses_brief_tags_when_available>
        <Function test_returns_slot_plan_objects>
        <Function test_plans_have_correct_project_id>
      <Class TestSlotPlannerFallback>
        <Function test_fallback_to_defaults_without_brief>
        <Function test_fallback_returns_8_plans>
      <Class TestSlotPlannerValidation>
        <Function test_raises_without_benchmark>
        <Function test_replaces_existing_plans>
      <Class TestSlotPlannerTagDimensions>
        <Function test_all_four_dimensions_present_with_brief>
        <Function test_slot_indices_are_1_to_8>
        <Function test_fallback_all_four_dimensions_populated>
    <Module test_step_deliver.py>
      <Function test_step_deliver_calls_build>
      <Function test_step_deliver_empty_string_warns>
      <Function test_step_deliver_empty_dir_warns>
    <Module test_step_feedback.py>
      <Function test_step_feedback_calls_update_when_brand_exists>
      <Function test_step_feedback_warns_when_no_brand>
    <Module test_storyboard_generator.py>
      <Class TestGenerateStoryboardNoContext>
        <Function test_returns_default_panels>
        <Function test_default_panel_types>
        <Function test_no_context_section_in_prompt>
        <Function test_prompt_contains_panel_info>
        <Function test_custom_panels_data>
      <Class TestGenerateStoryboardWithContext>
        <Function test_brand_context_injected>
        <Function test_product_context_injected>
        <Function test_brief_context_injected>
        <Function test_all_contexts_injected>
        <Function test_empty_context_fields_skipped>
        <Function test_all_empty_context_no_section>
        <Function test_font_preference_in_brand>
        <Function test_brief_content_field>
      <Class TestContextDataclasses>
        <Function test_brand_context_prompt_segment>
        <Function test_empty_brand_context>
        <Function test_product_context_prompt_segment>
        <Function test_empty_product_context>
        <Function test_brief_context_prompt_segment>
        <Function test_empty_brief_context>
    <Module test_tag_review_routes.py>
      <Class TestTagReviewRoutes>
        <Function test_list_pending>
        <Function test_approve>
        <Function test_reject>
        <Function test_edit>
        <Function test_approve_not_found>
    <Module test_tag_system.py>
      <Class TestConstants>
        <Function test_intent_codes_count>
        <Function test_role_codes_count>
        <Function test_intent_codes_format>
        <Function test_role_codes_format>
      <Class TestAssignTags>
        <Function test_assigns_intent_and_role_per_slot>
        <Function test_tag_codes_valid>
        <Function test_entity_type_is_slot>
        <Function test_tag_layer_written>
        <Function test_invalid_project_returns_empty>
        <Function test_no_duplicate_tags>
        <Function test_persisted_to_db>
      <Class TestGetSceneTags>
        <Function test_returns_scene_tags>
        <Function test_scene_tags_persisted>
        <Function test_scene_invalid_project>
    <Module test_trend_engine.py>
      <Function test_rising_trend_30_ascending_prices>
      <Function test_declining_trend_30_descending_prices>
      <Function test_stable_trend_small_fluctuation>
      <Function test_insufficient_data_returns_stable_zero_confidence>
      <Function test_empty_keepa_data_raises_value_error>
      <Function test_none_keepa_data_raises_value_error>
      <Function test_empty_price_list_raises_value_error>
    <Module test_upload.py>
      <Class TestUploadPage>
        <Function test_get_upload_page_200>
      <Class TestUploadFile>
        <Function test_upload_jpg_success>
        <Function test_upload_png_success>
        <Function test_upload_webp_success>
        <Function test_upload_svg_success>
        <Function test_reject_exe_file>
        <Function test_reject_oversized_file>
        <Function test_no_file_provided>
      <Class TestDeleteFile>
        <Function test_delete_existing_file>
        <Function test_delete_nonexistent_file>
    <Module test_version_manager.py>
      <Class TestCreateVersion>
        <Function test_first_version_is_1>
        <Function test_auto_increments>
        <Function test_snapshots_files>
        <Function test_no_project_dir_no_error>
      <Class TestGetVersionHistory>
        <Function test_returns_ordered_list>
      <Class TestGetVersionDiff>
        <Function test_diff_added_files>
        <Function test_diff_removed_files>
      <Class TestRollbackVersion>
        <Function test_rollback_restores_files>
        <Function test_rollback_nonexistent_returns_false>
      <Class TestVersionRoutes>
        <Function test_get_versions_page>
    <Module test_vision_5layer_tags.py>
      <Class TestNormalizeResult>
        <Function test_full_5layer_response>
        <Function test_missing_layers_default_to_empty_list>
        <Function test_backward_compat_intent_tag_singular>
        <Function test_empty_response_defaults>
        <Function test_non_list_tag_normalized>
      <Class TestSaveTagsToDb>
        <Function test_writes_all_layers>
        <Function test_upsert_no_duplicate>
        <Function test_empty_analysis_writes_nothing>
      <Class TestAnalyzeImageWith5Layers>
        <Function test_openai_path_returns_5layers>
        <Function test_gemini_path_returns_5layers>
        <Function test_analyze_image_with_image_id_calls_save>
    <Module test_vision_gemini.py>
      <Function test_gemini_path_called_when_vision_provider_gemini>
      <Function test_openai_path_called_by_default>
      <Function test_openai_path_when_vision_provider_explicitly_openai>
    <Module test_vision_integration.py>
      <Class TestVisionIntegrationHappyPath>
        <Function test_vision_analyzed_count>
        <Function test_analysis_field_persisted>
        <Function test_call_vision_receives_correct_urls>
      <Class TestVisionIntegrationDegradation>
        <Function test_no_image_url_skipped>
        <Function test_vision_failure_graceful>
        <Function test_all_vision_fail_still_returns>
    <Module test_wave1_bugs.py>
      <Class TestB1ImagePathPersisted>
        <Function test_image_path_saved_to_db>
      <Class TestB2QAGateValidation>
        <Function test_check_resolution_rejects_small_image>
        <Function test_check_resolution_accepts_large_image>
        <Function test_file_exists_validation>
        <Function test_invalid_png_rejected>
        <Function test_validate_image_function_exists>
        <Function test_validate_image_rejects_non_png>
        <Function test_validate_image_rejects_tiny>
        <Function test_validate_image_accepts_good>
      <Class TestB3ASINValidation>
        <Function test_pattern_accepts_valid_asins>
        <Function test_pattern_rejects_invalid_asins>
        <Function test_create_project_rejects_bad_asin>
        <Function test_web_route_validates_asin>
      <Class TestB4SessionManagement>
        <Function test_app_has_secret_key>
        <Function test_session_has_ttl>
        <Function test_session_is_permanent>
    <Module test_web_cli.py>
      <Function test_web_help>
      <Function test_web_help_debug_flag>
    <Module test_web_review.py>
      <Class TestReviewPage>
        <Function test_review_get_200>
        <Function test_review_shows_pending_versions>
        <Function test_review_excludes_signed_versions>
        <Function test_review_has_approve_button>
        <Function test_review_has_reject_button>
      <Class TestApproveReject>
        <Function test_approve_redirects>
        <Function test_approve_sets_signed>
        <Function test_approve_not_found>
        <Function test_reject_redirects>
        <Function test_reject_updates_record>
        <Function test_reject_not_found>
      <Class TestQADashboard>
        <Function test_qa_dashboard_get_200>
        <Function test_qa_dashboard_shows_records>
        <Function test_qa_dashboard_shows_pass_rate>

========================= 930 tests collected in 0.65s =========================
